文字コード　ASCII
単位　mm
整数部 4，小数部 ３，小数点無し　先行ゼロサプレス
ブロック長 ５１２
データ区切り　'*' (2Ah)
ブロック区切り CR/LF
レコードパッド　' ' (スペース)

同一コマンド一回だけ出力


ファイル Patan1.GRB

  レイヤー 1 : パターン１部品面

ファイル Patan2.GRB

  レイヤー 2 : パターン２半田面

ファイル Silk1.GRB

  レイヤー 3 : シルク１部品面

ファイル Silk2.GRB

  レイヤー 4 : シルク２半田面

ファイル Regst1.GRB

  レイヤー 5 : レジスト１部品面

ファイル Regst2.GRB

  レイヤー 6 : レジスト２半田面

ファイル Board.GRB

  レイヤー 7 : 外形


使用Ｄコード : アパーチャ径／角

  丸アパーチャー　ライン用　D14 :φ 0.200 mm
  丸アパーチャー　ライン用　D18 :φ 0.300 mm
  丸アパーチャー　ライン用　D30 :φ 0.600 mm
  丸アパーチャー　ライン用　D38 :φ 0.800 mm
  丸アパーチャー　ライン用　D54 :φ 1.400 mm
  丸アパーチャー　ライン用　D62 :φ 1.800 mm
  丸アパーチャー　ライン用　D114 :φ 4.400 mm
